<?xml version="1.0" encoding="UTF-8"?>
<!-- Generated by org.testng.reporters.JUnitXMLReporter -->
<testsuite ignored="0" hostname="Rohit" failures="0" tests="3" name="Default test" time="6.952" errors="0" timestamp="2025-05-29T22:21:09 IST">
  <testcase classname="tests.TC01_LoginToPortal" name="login" time="1.45"/>
  <testcase classname="tests.TC01_LoginToPortal" name="selectProduct" time="0.212"/>
  <testcase classname="tests.TC01_LoginToPortal" name="checkOut" time="5.261"/>
</testsuite> <!-- Default test -->
