<?xml version="1.0" encoding="UTF-8"?>
<testng-results ignored="0" total="1" passed="1" failed="0" skipped="0">
  <reporter-output>
  </reporter-output>
  <suite started-at="2025-07-31T12:34:44 IST" name="Surefire suite" finished-at="2025-07-31T12:34:46 IST" duration-ms="2681">
    <groups>
    </groups>
    <test started-at="2025-07-31T12:34:44 IST" name="Surefire test" finished-at="2025-07-31T12:34:46 IST" duration-ms="2681">
      <class name="tests.Test_01">
        <test-method is-config="true" signature="setUp()[pri:0, instance:tests.Test_01@69cac930]" started-at="2025-07-31T12:34:44 IST" name="setUp" finished-at="2025-07-31T12:34:46 IST" duration-ms="2355" status="PASS">
          <reporter-output>
          </reporter-output>
        </test-method> <!-- setUp -->
        <test-method signature="login()[pri:0, instance:tests.Test_01@69cac930]" started-at="2025-07-31T12:34:46 IST" name="login" description="Login to the application" finished-at="2025-07-31T12:34:46 IST" duration-ms="289" status="PASS">
          <reporter-output>
          </reporter-output>
        </test-method> <!-- login -->
      </class> <!-- tests.Test_01 -->
    </test> <!-- Surefire test -->
  </suite> <!-- Surefire suite -->
</testng-results>
