<?xml version="1.0" encoding="UTF-8"?>
<testng-results ignored="0" total="3" passed="3" failed="0" skipped="0">
  <reporter-output>
  </reporter-output>
  <suite started-at="2025-05-29T22:21:02 IST" name="Default suite" finished-at="2025-05-29T22:21:09 IST" duration-ms="6952">
    <groups>
    </groups>
    <test started-at="2025-05-29T22:21:02 IST" name="Default test" finished-at="2025-05-29T22:21:09 IST" duration-ms="6952">
      <class name="tests.TC01_LoginToPortal">
        <test-method signature="login()[pri:1, instance:tests.TC01_LoginToPortal@15fa55a6]" started-at="2025-05-29T22:21:02 IST" name="login" description="Login to portal" finished-at="2025-05-29T22:21:03 IST" duration-ms="1450" status="PASS">
          <reporter-output>
          </reporter-output>
        </test-method> <!-- login -->
        <test-method signature="selectProduct()[pri:2, instance:tests.TC01_LoginToPortal@15fa55a6]" started-at="2025-05-29T22:21:03 IST" name="selectProduct" description="Select product" finished-at="2025-05-29T22:21:03 IST" duration-ms="212" status="PASS">
          <reporter-output>
          </reporter-output>
        </test-method> <!-- selectProduct -->
        <test-method signature="checkOut()[pri:3, instance:tests.TC01_LoginToPortal@15fa55a6]" started-at="2025-05-29T22:21:03 IST" name="checkOut" description="Check Outr Product" finished-at="2025-05-29T22:21:09 IST" duration-ms="5261" status="PASS">
          <reporter-output>
          </reporter-output>
        </test-method> <!-- checkOut -->
      </class> <!-- tests.TC01_LoginToPortal -->
    </test> <!-- Default test -->
  </suite> <!-- Default suite -->
</testng-results>
